2025-12-11T23:26:05.457-05:00  INFO 20052 --- [ProyectoIntegrador] [restartedMain] c.e.P.ProyectoIntegradorApplication      : Starting ProyectoIntegradorApplication using Java 21.0.9 with PID 20052 (C:\Users\LOQ\Downloads\Notaria-ProyectoIntegrador\Notaria-ProyectoIntegrador\target\classes started by LOQ in C:\Users\LOQ\Downloads\Notaria-ProyectoIntegrador\Notaria-ProyectoIntegrador)
2025-12-11T23:26:05.458-05:00 DEBUG 20052 --- [ProyectoIntegrador] [restartedMain] c.e.P.ProyectoIntegradorApplication      : Running with Spring Boot v3.4.0, Spring v6.2.0
2025-12-11T23:26:05.460-05:00  INFO 20052 --- [ProyectoIntegrador] [restartedMain] c.e.P.ProyectoIntegradorApplication      : No active profile set, falling back to 1 default profile: "default"
2025-12-11T23:26:05.514-05:00  INFO 20052 --- [ProyectoIntegrador] [restartedMain] .e.DevToolsPropertyDefaultsPostProcessor : Devtools property defaults active! Set 'spring.devtools.add-properties' to 'false' to disable
2025-12-11T23:26:05.514-05:00  INFO 20052 --- [ProyectoIntegrador] [restartedMain] .e.DevToolsPropertyDefaultsPostProcessor : For additional web related logging consider setting the 'logging.level.web' property to 'DEBUG'
2025-12-11T23:26:06.243-05:00  INFO 20052 --- [ProyectoIntegrador] [restartedMain] .s.d.r.c.RepositoryConfigurationDelegate : Bootstrapping Spring Data JPA repositories in DEFAULT mode.
2025-12-11T23:26:06.346-05:00  INFO 20052 --- [ProyectoIntegrador] [restartedMain] .s.d.r.c.RepositoryConfigurationDelegate : Finished Spring Data repository scanning in 93 ms. Found 15 JPA repository interfaces.
2025-12-11T23:26:07.058-05:00  INFO 20052 --- [ProyectoIntegrador] [restartedMain] o.s.b.w.embedded.tomcat.TomcatWebServer  : Tomcat initialized with port 8080 (http)
2025-12-11T23:26:07.072-05:00  INFO 20052 --- [ProyectoIntegrador] [restartedMain] o.apache.catalina.core.StandardService   : Starting service [Tomcat]
2025-12-11T23:26:07.072-05:00  INFO 20052 --- [ProyectoIntegrador] [restartedMain] o.apache.catalina.core.StandardEngine    : Starting Servlet engine: [Apache Tomcat/10.1.33]
2025-12-11T23:26:07.120-05:00  INFO 20052 --- [ProyectoIntegrador] [restartedMain] o.a.c.c.C.[Tomcat].[localhost].[/]       : Initializing Spring embedded WebApplicationContext
2025-12-11T23:26:07.120-05:00  INFO 20052 --- [ProyectoIntegrador] [restartedMain] w.s.c.ServletWebServerApplicationContext : Root WebApplicationContext: initialization completed in 1606 ms
2025-12-11T23:26:07.349-05:00  INFO 20052 --- [ProyectoIntegrador] [restartedMain] o.hibernate.jpa.internal.util.LogHelper  : HHH000204: Processing PersistenceUnitInfo [name: default]
2025-12-11T23:26:07.414-05:00  INFO 20052 --- [ProyectoIntegrador] [restartedMain] org.hibernate.Version                    : HHH000412: Hibernate ORM core version 6.6.2.Final
2025-12-11T23:26:07.439-05:00  INFO 20052 --- [ProyectoIntegrador] [restartedMain] o.h.c.internal.RegionFactoryInitiator    : HHH000026: Second-level cache disabled
2025-12-11T23:26:07.682-05:00  INFO 20052 --- [ProyectoIntegrador] [restartedMain] o.s.o.j.p.SpringPersistenceUnitInfo      : No LoadTimeWeaver setup: ignoring JPA class transformer
2025-12-11T23:26:07.706-05:00  INFO 20052 --- [ProyectoIntegrador] [restartedMain] com.zaxxer.hikari.HikariDataSource       : HikariPool-1 - Starting...
2025-12-11T23:26:07.842-05:00  INFO 20052 --- [ProyectoIntegrador] [restartedMain] com.zaxxer.hikari.pool.HikariPool        : HikariPool-1 - Added connection com.mysql.cj.jdbc.ConnectionImpl@60bf9ff1
2025-12-11T23:26:07.844-05:00  INFO 20052 --- [ProyectoIntegrador] [restartedMain] com.zaxxer.hikari.HikariDataSource       : HikariPool-1 - Start completed.
2025-12-11T23:26:07.864-05:00  WARN 20052 --- [ProyectoIntegrador] [restartedMain] org.hibernate.orm.deprecation            : HHH90000025: MySQL8Dialect does not need to be specified explicitly using 'hibernate.dialect' (remove the property setting and it will be selected by default)
2025-12-11T23:26:07.865-05:00  WARN 20052 --- [ProyectoIntegrador] [restartedMain] org.hibernate.orm.deprecation            : HHH90000026: MySQL8Dialect has been deprecated; use org.hibernate.dialect.MySQLDialect instead
2025-12-11T23:26:07.889-05:00  INFO 20052 --- [ProyectoIntegrador] [restartedMain] org.hibernate.orm.connections.pooling    : HHH10001005: Database info:
	Database JDBC URL [Connecting through datasource 'HikariDataSource (HikariPool-1)']
	Database driver: undefined/unknown
	Database version: 8.0
	Autocommit mode: undefined/unknown
	Isolation level: undefined/unknown
	Minimum pool size: undefined/unknown
	Maximum pool size: undefined/unknown
2025-12-11T23:26:08.746-05:00  INFO 20052 --- [ProyectoIntegrador] [restartedMain] o.h.e.t.j.p.i.JtaPlatformInitiator       : HHH000489: No JTA platform available (set 'hibernate.transaction.jta.platform' to enable JTA platform integration)
2025-12-11T23:26:09.047-05:00  INFO 20052 --- [ProyectoIntegrador] [restartedMain] j.LocalContainerEntityManagerFactoryBean : Initialized JPA EntityManagerFactory for persistence unit 'default'
2025-12-11T23:26:09.516-05:00  WARN 20052 --- [ProyectoIntegrador] [restartedMain] JpaBaseConfiguration$JpaWebConfiguration : spring.jpa.open-in-view is enabled by default. Therefore, database queries may be performed during view rendering. Explicitly configure spring.jpa.open-in-view to disable this warning
2025-12-11T23:26:09.548-05:00  INFO 20052 --- [ProyectoIntegrador] [restartedMain] r$InitializeUserDetailsManagerConfigurer : Global AuthenticationManager configured with UserDetailsService bean with name userDetailsServiceImpl
2025-12-11T23:26:10.153-05:00  INFO 20052 --- [ProyectoIntegrador] [restartedMain] o.s.b.d.a.OptionalLiveReloadServer       : LiveReload server is running on port 35729
2025-12-11T23:26:10.195-05:00  INFO 20052 --- [ProyectoIntegrador] [restartedMain] o.s.b.w.embedded.tomcat.TomcatWebServer  : Tomcat started on port 8080 (http) with context path '/'
2025-12-11T23:26:10.203-05:00  INFO 20052 --- [ProyectoIntegrador] [restartedMain] c.e.P.ProyectoIntegradorApplication      : Started ProyectoIntegradorApplication in 5.221 seconds (process running for 5.681)
2025-12-11T23:26:22.958-05:00  INFO 20052 --- [ProyectoIntegrador] [http-nio-8080-exec-1] o.a.c.c.C.[Tomcat].[localhost].[/]       : Initializing Spring DispatcherServlet 'dispatcherServlet'
2025-12-11T23:26:22.958-05:00  INFO 20052 --- [ProyectoIntegrador] [http-nio-8080-exec-1] o.s.web.servlet.DispatcherServlet        : Initializing Servlet 'dispatcherServlet'
2025-12-11T23:26:22.961-05:00  INFO 20052 --- [ProyectoIntegrador] [http-nio-8080-exec-1] o.s.web.servlet.DispatcherServlet        : Completed initialization in 1 ms
2025-12-11T23:34:29.350-05:00  INFO 20052 --- [ProyectoIntegrador] [SpringApplicationShutdownHook] o.s.b.w.e.tomcat.GracefulShutdown        : Commencing graceful shutdown. Waiting for active requests to complete
2025-12-11T23:34:29.358-05:00  INFO 20052 --- [ProyectoIntegrador] [tomcat-shutdown] o.s.b.w.e.tomcat.GracefulShutdown        : Graceful shutdown complete
2025-12-11T23:34:29.362-05:00  INFO 20052 --- [ProyectoIntegrador] [SpringApplicationShutdownHook] j.LocalContainerEntityManagerFactoryBean : Closing JPA EntityManagerFactory for persistence unit 'default'
2025-12-11T23:34:29.369-05:00  INFO 20052 --- [ProyectoIntegrador] [SpringApplicationShutdownHook] com.zaxxer.hikari.HikariDataSource       : HikariPool-1 - Shutdown initiated...
2025-12-11T23:34:29.378-05:00  INFO 20052 --- [ProyectoIntegrador] [SpringApplicationShutdownHook] com.zaxxer.hikari.HikariDataSource       : HikariPool-1 - Shutdown completed.
2025-12-11T23:34:31.592-05:00  INFO 24532 --- [ProyectoIntegrador] [restartedMain] c.e.P.ProyectoIntegradorApplication      : Starting ProyectoIntegradorApplication using Java 21.0.9 with PID 24532 (C:\Users\LOQ\Downloads\Notaria-ProyectoIntegrador\Notaria-ProyectoIntegrador\target\classes started by LOQ in C:\Users\LOQ\Downloads\Notaria-ProyectoIntegrador\Notaria-ProyectoIntegrador)
2025-12-11T23:34:31.594-05:00 DEBUG 24532 --- [ProyectoIntegrador] [restartedMain] c.e.P.ProyectoIntegradorApplication      : Running with Spring Boot v3.4.0, Spring v6.2.0
2025-12-11T23:34:31.595-05:00  INFO 24532 --- [ProyectoIntegrador] [restartedMain] c.e.P.ProyectoIntegradorApplication      : No active profile set, falling back to 1 default profile: "default"
2025-12-11T23:34:31.661-05:00  INFO 24532 --- [ProyectoIntegrador] [restartedMain] .e.DevToolsPropertyDefaultsPostProcessor : Devtools property defaults active! Set 'spring.devtools.add-properties' to 'false' to disable
2025-12-11T23:34:31.662-05:00  INFO 24532 --- [ProyectoIntegrador] [restartedMain] .e.DevToolsPropertyDefaultsPostProcessor : For additional web related logging consider setting the 'logging.level.web' property to 'DEBUG'
2025-12-11T23:34:32.494-05:00  INFO 24532 --- [ProyectoIntegrador] [restartedMain] .s.d.r.c.RepositoryConfigurationDelegate : Bootstrapping Spring Data JPA repositories in DEFAULT mode.
2025-12-11T23:34:32.599-05:00  INFO 24532 --- [ProyectoIntegrador] [restartedMain] .s.d.r.c.RepositoryConfigurationDelegate : Finished Spring Data repository scanning in 94 ms. Found 15 JPA repository interfaces.
2025-12-11T23:34:33.442-05:00  INFO 24532 --- [ProyectoIntegrador] [restartedMain] o.s.b.w.embedded.tomcat.TomcatWebServer  : Tomcat initialized with port 8080 (http)
2025-12-11T23:34:33.456-05:00  INFO 24532 --- [ProyectoIntegrador] [restartedMain] o.apache.catalina.core.StandardService   : Starting service [Tomcat]
2025-12-11T23:34:33.458-05:00  INFO 24532 --- [ProyectoIntegrador] [restartedMain] o.apache.catalina.core.StandardEngine    : Starting Servlet engine: [Apache Tomcat/10.1.33]
2025-12-11T23:34:33.517-05:00  INFO 24532 --- [ProyectoIntegrador] [restartedMain] o.a.c.c.C.[Tomcat].[localhost].[/]       : Initializing Spring embedded WebApplicationContext
2025-12-11T23:34:33.517-05:00  INFO 24532 --- [ProyectoIntegrador] [restartedMain] w.s.c.ServletWebServerApplicationContext : Root WebApplicationContext: initialization completed in 1855 ms
2025-12-11T23:34:33.723-05:00  INFO 24532 --- [ProyectoIntegrador] [restartedMain] o.hibernate.jpa.internal.util.LogHelper  : HHH000204: Processing PersistenceUnitInfo [name: default]
2025-12-11T23:34:33.778-05:00  INFO 24532 --- [ProyectoIntegrador] [restartedMain] org.hibernate.Version                    : HHH000412: Hibernate ORM core version 6.6.2.Final
2025-12-11T23:34:33.819-05:00  INFO 24532 --- [ProyectoIntegrador] [restartedMain] o.h.c.internal.RegionFactoryInitiator    : HHH000026: Second-level cache disabled
2025-12-11T23:34:34.096-05:00  INFO 24532 --- [ProyectoIntegrador] [restartedMain] o.s.o.j.p.SpringPersistenceUnitInfo      : No LoadTimeWeaver setup: ignoring JPA class transformer
2025-12-11T23:34:34.125-05:00  INFO 24532 --- [ProyectoIntegrador] [restartedMain] com.zaxxer.hikari.HikariDataSource       : HikariPool-1 - Starting...
2025-12-11T23:34:34.276-05:00  INFO 24532 --- [ProyectoIntegrador] [restartedMain] com.zaxxer.hikari.pool.HikariPool        : HikariPool-1 - Added connection com.mysql.cj.jdbc.ConnectionImpl@7589742a
2025-12-11T23:34:34.279-05:00  INFO 24532 --- [ProyectoIntegrador] [restartedMain] com.zaxxer.hikari.HikariDataSource       : HikariPool-1 - Start completed.
2025-12-11T23:34:34.303-05:00  WARN 24532 --- [ProyectoIntegrador] [restartedMain] org.hibernate.orm.deprecation            : HHH90000025: MySQL8Dialect does not need to be specified explicitly using 'hibernate.dialect' (remove the property setting and it will be selected by default)
2025-12-11T23:34:34.305-05:00  WARN 24532 --- [ProyectoIntegrador] [restartedMain] org.hibernate.orm.deprecation            : HHH90000026: MySQL8Dialect has been deprecated; use org.hibernate.dialect.MySQLDialect instead
2025-12-11T23:34:34.332-05:00  INFO 24532 --- [ProyectoIntegrador] [restartedMain] org.hibernate.orm.connections.pooling    : HHH10001005: Database info:
	Database JDBC URL [Connecting through datasource 'HikariDataSource (HikariPool-1)']
	Database driver: undefined/unknown
	Database version: 8.0
	Autocommit mode: undefined/unknown
	Isolation level: undefined/unknown
	Minimum pool size: undefined/unknown
	Maximum pool size: undefined/unknown
2025-12-11T23:34:35.248-05:00  INFO 24532 --- [ProyectoIntegrador] [restartedMain] o.h.e.t.j.p.i.JtaPlatformInitiator       : HHH000489: No JTA platform available (set 'hibernate.transaction.jta.platform' to enable JTA platform integration)
2025-12-11T23:34:35.501-05:00  INFO 24532 --- [ProyectoIntegrador] [restartedMain] j.LocalContainerEntityManagerFactoryBean : Initialized JPA EntityManagerFactory for persistence unit 'default'
2025-12-11T23:34:36.078-05:00  WARN 24532 --- [ProyectoIntegrador] [restartedMain] JpaBaseConfiguration$JpaWebConfiguration : spring.jpa.open-in-view is enabled by default. Therefore, database queries may be performed during view rendering. Explicitly configure spring.jpa.open-in-view to disable this warning
2025-12-11T23:34:36.126-05:00  INFO 24532 --- [ProyectoIntegrador] [restartedMain] r$InitializeUserDetailsManagerConfigurer : Global AuthenticationManager configured with UserDetailsService bean with name userDetailsServiceImpl
2025-12-11T23:34:36.846-05:00  INFO 24532 --- [ProyectoIntegrador] [restartedMain] o.s.b.d.a.OptionalLiveReloadServer       : LiveReload server is running on port 35729
2025-12-11T23:34:36.883-05:00  INFO 24532 --- [ProyectoIntegrador] [restartedMain] o.s.b.w.embedded.tomcat.TomcatWebServer  : Tomcat started on port 8080 (http) with context path '/'
2025-12-11T23:34:36.893-05:00  INFO 24532 --- [ProyectoIntegrador] [restartedMain] c.e.P.ProyectoIntegradorApplication      : Started ProyectoIntegradorApplication in 5.814 seconds (process running for 6.366)
2025-12-11T23:34:57.176-05:00  INFO 24532 --- [ProyectoIntegrador] [SpringApplicationShutdownHook] o.s.b.w.e.tomcat.GracefulShutdown        : Commencing graceful shutdown. Waiting for active requests to complete
2025-12-11T23:34:57.184-05:00  INFO 24532 --- [ProyectoIntegrador] [tomcat-shutdown] o.s.b.w.e.tomcat.GracefulShutdown        : Graceful shutdown complete
2025-12-11T23:34:57.192-05:00  INFO 24532 --- [ProyectoIntegrador] [SpringApplicationShutdownHook] j.LocalContainerEntityManagerFactoryBean : Closing JPA EntityManagerFactory for persistence unit 'default'
2025-12-11T23:34:57.197-05:00  INFO 24532 --- [ProyectoIntegrador] [SpringApplicationShutdownHook] com.zaxxer.hikari.HikariDataSource       : HikariPool-1 - Shutdown initiated...
2025-12-11T23:34:57.208-05:00  INFO 24532 --- [ProyectoIntegrador] [SpringApplicationShutdownHook] com.zaxxer.hikari.HikariDataSource       : HikariPool-1 - Shutdown completed.
2025-12-11T23:34:59.298-05:00  INFO 22768 --- [ProyectoIntegrador] [restartedMain] c.e.P.ProyectoIntegradorApplication      : Starting ProyectoIntegradorApplication using Java 21.0.9 with PID 22768 (C:\Users\LOQ\Downloads\Notaria-ProyectoIntegrador\Notaria-ProyectoIntegrador\target\classes started by LOQ in C:\Users\LOQ\Downloads\Notaria-ProyectoIntegrador\Notaria-ProyectoIntegrador)
2025-12-11T23:34:59.302-05:00 DEBUG 22768 --- [ProyectoIntegrador] [restartedMain] c.e.P.ProyectoIntegradorApplication      : Running with Spring Boot v3.4.0, Spring v6.2.0
2025-12-11T23:34:59.302-05:00  INFO 22768 --- [ProyectoIntegrador] [restartedMain] c.e.P.ProyectoIntegradorApplication      : No active profile set, falling back to 1 default profile: "default"
2025-12-11T23:34:59.360-05:00  INFO 22768 --- [ProyectoIntegrador] [restartedMain] .e.DevToolsPropertyDefaultsPostProcessor : Devtools property defaults active! Set 'spring.devtools.add-properties' to 'false' to disable
2025-12-11T23:34:59.362-05:00  INFO 22768 --- [ProyectoIntegrador] [restartedMain] .e.DevToolsPropertyDefaultsPostProcessor : For additional web related logging consider setting the 'logging.level.web' property to 'DEBUG'
2025-12-11T23:35:00.190-05:00  INFO 22768 --- [ProyectoIntegrador] [restartedMain] .s.d.r.c.RepositoryConfigurationDelegate : Bootstrapping Spring Data JPA repositories in DEFAULT mode.
2025-12-11T23:35:00.296-05:00  INFO 22768 --- [ProyectoIntegrador] [restartedMain] .s.d.r.c.RepositoryConfigurationDelegate : Finished Spring Data repository scanning in 97 ms. Found 15 JPA repository interfaces.
2025-12-11T23:35:01.056-05:00  INFO 22768 --- [ProyectoIntegrador] [restartedMain] o.s.b.w.embedded.tomcat.TomcatWebServer  : Tomcat initialized with port 8080 (http)
2025-12-11T23:35:01.073-05:00  INFO 22768 --- [ProyectoIntegrador] [restartedMain] o.apache.catalina.core.StandardService   : Starting service [Tomcat]
2025-12-11T23:35:01.073-05:00  INFO 22768 --- [ProyectoIntegrador] [restartedMain] o.apache.catalina.core.StandardEngine    : Starting Servlet engine: [Apache Tomcat/10.1.33]
2025-12-11T23:35:01.133-05:00  INFO 22768 --- [ProyectoIntegrador] [restartedMain] o.a.c.c.C.[Tomcat].[localhost].[/]       : Initializing Spring embedded WebApplicationContext
2025-12-11T23:35:01.133-05:00  INFO 22768 --- [ProyectoIntegrador] [restartedMain] w.s.c.ServletWebServerApplicationContext : Root WebApplicationContext: initialization completed in 1771 ms
2025-12-11T23:35:01.317-05:00  INFO 22768 --- [ProyectoIntegrador] [restartedMain] o.hibernate.jpa.internal.util.LogHelper  : HHH000204: Processing PersistenceUnitInfo [name: default]
2025-12-11T23:35:01.391-05:00  INFO 22768 --- [ProyectoIntegrador] [restartedMain] org.hibernate.Version                    : HHH000412: Hibernate ORM core version 6.6.2.Final
2025-12-11T23:35:01.424-05:00  INFO 22768 --- [ProyectoIntegrador] [restartedMain] o.h.c.internal.RegionFactoryInitiator    : HHH000026: Second-level cache disabled
2025-12-11T23:35:01.692-05:00  INFO 22768 --- [ProyectoIntegrador] [restartedMain] o.s.o.j.p.SpringPersistenceUnitInfo      : No LoadTimeWeaver setup: ignoring JPA class transformer
2025-12-11T23:35:01.721-05:00  INFO 22768 --- [ProyectoIntegrador] [restartedMain] com.zaxxer.hikari.HikariDataSource       : HikariPool-1 - Starting...
2025-12-11T23:35:01.863-05:00  INFO 22768 --- [ProyectoIntegrador] [restartedMain] com.zaxxer.hikari.pool.HikariPool        : HikariPool-1 - Added connection com.mysql.cj.jdbc.ConnectionImpl@798b6784
2025-12-11T23:35:01.865-05:00  INFO 22768 --- [ProyectoIntegrador] [restartedMain] com.zaxxer.hikari.HikariDataSource       : HikariPool-1 - Start completed.
2025-12-11T23:35:01.890-05:00  WARN 22768 --- [ProyectoIntegrador] [restartedMain] org.hibernate.orm.deprecation            : HHH90000025: MySQL8Dialect does not need to be specified explicitly using 'hibernate.dialect' (remove the property setting and it will be selected by default)
2025-12-11T23:35:01.891-05:00  WARN 22768 --- [ProyectoIntegrador] [restartedMain] org.hibernate.orm.deprecation            : HHH90000026: MySQL8Dialect has been deprecated; use org.hibernate.dialect.MySQLDialect instead
2025-12-11T23:35:01.919-05:00  INFO 22768 --- [ProyectoIntegrador] [restartedMain] org.hibernate.orm.connections.pooling    : HHH10001005: Database info:
	Database JDBC URL [Connecting through datasource 'HikariDataSource (HikariPool-1)']
	Database driver: undefined/unknown
	Database version: 8.0
	Autocommit mode: undefined/unknown
	Isolation level: undefined/unknown
	Minimum pool size: undefined/unknown
	Maximum pool size: undefined/unknown
2025-12-11T23:35:02.796-05:00  INFO 22768 --- [ProyectoIntegrador] [restartedMain] o.h.e.t.j.p.i.JtaPlatformInitiator       : HHH000489: No JTA platform available (set 'hibernate.transaction.jta.platform' to enable JTA platform integration)
2025-12-11T23:35:03.061-05:00  INFO 22768 --- [ProyectoIntegrador] [restartedMain] j.LocalContainerEntityManagerFactoryBean : Initialized JPA EntityManagerFactory for persistence unit 'default'
2025-12-11T23:35:03.612-05:00  WARN 22768 --- [ProyectoIntegrador] [restartedMain] JpaBaseConfiguration$JpaWebConfiguration : spring.jpa.open-in-view is enabled by default. Therefore, database queries may be performed during view rendering. Explicitly configure spring.jpa.open-in-view to disable this warning
2025-12-11T23:35:03.649-05:00  INFO 22768 --- [ProyectoIntegrador] [restartedMain] r$InitializeUserDetailsManagerConfigurer : Global AuthenticationManager configured with UserDetailsService bean with name userDetailsServiceImpl
2025-12-11T23:35:04.323-05:00  INFO 22768 --- [ProyectoIntegrador] [restartedMain] o.s.b.d.a.OptionalLiveReloadServer       : LiveReload server is running on port 35729
2025-12-11T23:35:04.361-05:00  INFO 22768 --- [ProyectoIntegrador] [restartedMain] o.s.b.w.embedded.tomcat.TomcatWebServer  : Tomcat started on port 8080 (http) with context path '/'
2025-12-11T23:35:04.369-05:00  INFO 22768 --- [ProyectoIntegrador] [restartedMain] c.e.P.ProyectoIntegradorApplication      : Started ProyectoIntegradorApplication in 5.558 seconds (process running for 6.071)
2025-12-11T23:35:07.780-05:00  INFO 22768 --- [ProyectoIntegrador] [http-nio-8080-exec-1] o.a.c.c.C.[Tomcat].[localhost].[/]       : Initializing Spring DispatcherServlet 'dispatcherServlet'
2025-12-11T23:35:07.782-05:00  INFO 22768 --- [ProyectoIntegrador] [http-nio-8080-exec-1] o.s.web.servlet.DispatcherServlet        : Initializing Servlet 'dispatcherServlet'
2025-12-11T23:35:07.785-05:00  INFO 22768 --- [ProyectoIntegrador] [http-nio-8080-exec-1] o.s.web.servlet.DispatcherServlet        : Completed initialization in 3 ms
2025-12-11T23:36:43.460-05:00  INFO 22768 --- [ProyectoIntegrador] [SpringApplicationShutdownHook] o.s.b.w.e.tomcat.GracefulShutdown        : Commencing graceful shutdown. Waiting for active requests to complete
2025-12-11T23:36:43.467-05:00  INFO 22768 --- [ProyectoIntegrador] [tomcat-shutdown] o.s.b.w.e.tomcat.GracefulShutdown        : Graceful shutdown complete
2025-12-11T23:36:43.471-05:00  INFO 22768 --- [ProyectoIntegrador] [SpringApplicationShutdownHook] j.LocalContainerEntityManagerFactoryBean : Closing JPA EntityManagerFactory for persistence unit 'default'
2025-12-11T23:36:43.475-05:00  INFO 22768 --- [ProyectoIntegrador] [SpringApplicationShutdownHook] com.zaxxer.hikari.HikariDataSource       : HikariPool-1 - Shutdown initiated...
2025-12-11T23:36:43.483-05:00  INFO 22768 --- [ProyectoIntegrador] [SpringApplicationShutdownHook] com.zaxxer.hikari.HikariDataSource       : HikariPool-1 - Shutdown completed.
2025-12-11T23:36:45.532-05:00  INFO 11856 --- [ProyectoIntegrador] [restartedMain] c.e.P.ProyectoIntegradorApplication      : Starting ProyectoIntegradorApplication using Java 21.0.9 with PID 11856 (C:\Users\LOQ\Downloads\Notaria-ProyectoIntegrador\Notaria-ProyectoIntegrador\target\classes started by LOQ in C:\Users\LOQ\Downloads\Notaria-ProyectoIntegrador\Notaria-ProyectoIntegrador)
2025-12-11T23:36:45.533-05:00 DEBUG 11856 --- [ProyectoIntegrador] [restartedMain] c.e.P.ProyectoIntegradorApplication      : Running with Spring Boot v3.4.0, Spring v6.2.0
2025-12-11T23:36:45.534-05:00  INFO 11856 --- [ProyectoIntegrador] [restartedMain] c.e.P.ProyectoIntegradorApplication      : No active profile set, falling back to 1 default profile: "default"
2025-12-11T23:36:45.593-05:00  INFO 11856 --- [ProyectoIntegrador] [restartedMain] .e.DevToolsPropertyDefaultsPostProcessor : Devtools property defaults active! Set 'spring.devtools.add-properties' to 'false' to disable
2025-12-11T23:36:45.593-05:00  INFO 11856 --- [ProyectoIntegrador] [restartedMain] .e.DevToolsPropertyDefaultsPostProcessor : For additional web related logging consider setting the 'logging.level.web' property to 'DEBUG'
2025-12-11T23:36:46.426-05:00  INFO 11856 --- [ProyectoIntegrador] [restartedMain] .s.d.r.c.RepositoryConfigurationDelegate : Bootstrapping Spring Data JPA repositories in DEFAULT mode.
2025-12-11T23:36:46.534-05:00  INFO 11856 --- [ProyectoIntegrador] [restartedMain] .s.d.r.c.RepositoryConfigurationDelegate : Finished Spring Data repository scanning in 97 ms. Found 15 JPA repository interfaces.
2025-12-11T23:36:47.306-05:00  INFO 11856 --- [ProyectoIntegrador] [restartedMain] o.s.b.w.embedded.tomcat.TomcatWebServer  : Tomcat initialized with port 8080 (http)
2025-12-11T23:36:47.324-05:00  INFO 11856 --- [ProyectoIntegrador] [restartedMain] o.apache.catalina.core.StandardService   : Starting service [Tomcat]
2025-12-11T23:36:47.324-05:00  INFO 11856 --- [ProyectoIntegrador] [restartedMain] o.apache.catalina.core.StandardEngine    : Starting Servlet engine: [Apache Tomcat/10.1.33]
2025-12-11T23:36:47.369-05:00  INFO 11856 --- [ProyectoIntegrador] [restartedMain] o.a.c.c.C.[Tomcat].[localhost].[/]       : Initializing Spring embedded WebApplicationContext
2025-12-11T23:36:47.369-05:00  INFO 11856 --- [ProyectoIntegrador] [restartedMain] w.s.c.ServletWebServerApplicationContext : Root WebApplicationContext: initialization completed in 1775 ms
2025-12-11T23:36:47.551-05:00  INFO 11856 --- [ProyectoIntegrador] [restartedMain] o.hibernate.jpa.internal.util.LogHelper  : HHH000204: Processing PersistenceUnitInfo [name: default]
2025-12-11T23:36:47.633-05:00  INFO 11856 --- [ProyectoIntegrador] [restartedMain] org.hibernate.Version                    : HHH000412: Hibernate ORM core version 6.6.2.Final
2025-12-11T23:36:47.682-05:00  INFO 11856 --- [ProyectoIntegrador] [restartedMain] o.h.c.internal.RegionFactoryInitiator    : HHH000026: Second-level cache disabled
2025-12-11T23:36:47.965-05:00  INFO 11856 --- [ProyectoIntegrador] [restartedMain] o.s.o.j.p.SpringPersistenceUnitInfo      : No LoadTimeWeaver setup: ignoring JPA class transformer
2025-12-11T23:36:47.998-05:00  INFO 11856 --- [ProyectoIntegrador] [restartedMain] com.zaxxer.hikari.HikariDataSource       : HikariPool-1 - Starting...
2025-12-11T23:36:48.147-05:00  INFO 11856 --- [ProyectoIntegrador] [restartedMain] com.zaxxer.hikari.pool.HikariPool        : HikariPool-1 - Added connection com.mysql.cj.jdbc.ConnectionImpl@63bd4c68
2025-12-11T23:36:48.148-05:00  INFO 11856 --- [ProyectoIntegrador] [restartedMain] com.zaxxer.hikari.HikariDataSource       : HikariPool-1 - Start completed.
2025-12-11T23:36:48.172-05:00  WARN 11856 --- [ProyectoIntegrador] [restartedMain] org.hibernate.orm.deprecation            : HHH90000025: MySQL8Dialect does not need to be specified explicitly using 'hibernate.dialect' (remove the property setting and it will be selected by default)
2025-12-11T23:36:48.174-05:00  WARN 11856 --- [ProyectoIntegrador] [restartedMain] org.hibernate.orm.deprecation            : HHH90000026: MySQL8Dialect has been deprecated; use org.hibernate.dialect.MySQLDialect instead
2025-12-11T23:36:48.198-05:00  INFO 11856 --- [ProyectoIntegrador] [restartedMain] org.hibernate.orm.connections.pooling    : HHH10001005: Database info:
	Database JDBC URL [Connecting through datasource 'HikariDataSource (HikariPool-1)']
	Database driver: undefined/unknown
	Database version: 8.0
	Autocommit mode: undefined/unknown
	Isolation level: undefined/unknown
	Minimum pool size: undefined/unknown
	Maximum pool size: undefined/unknown
2025-12-11T23:36:49.101-05:00  INFO 11856 --- [ProyectoIntegrador] [restartedMain] o.h.e.t.j.p.i.JtaPlatformInitiator       : HHH000489: No JTA platform available (set 'hibernate.transaction.jta.platform' to enable JTA platform integration)
2025-12-11T23:36:49.388-05:00  INFO 11856 --- [ProyectoIntegrador] [restartedMain] j.LocalContainerEntityManagerFactoryBean : Initialized JPA EntityManagerFactory for persistence unit 'default'
2025-12-11T23:36:49.928-05:00  WARN 11856 --- [ProyectoIntegrador] [restartedMain] JpaBaseConfiguration$JpaWebConfiguration : spring.jpa.open-in-view is enabled by default. Therefore, database queries may be performed during view rendering. Explicitly configure spring.jpa.open-in-view to disable this warning
2025-12-11T23:36:49.966-05:00  INFO 11856 --- [ProyectoIntegrador] [restartedMain] r$InitializeUserDetailsManagerConfigurer : Global AuthenticationManager configured with UserDetailsService bean with name userDetailsServiceImpl
2025-12-11T23:36:50.612-05:00  INFO 11856 --- [ProyectoIntegrador] [restartedMain] o.s.b.d.a.OptionalLiveReloadServer       : LiveReload server is running on port 35729
2025-12-11T23:36:50.651-05:00  INFO 11856 --- [ProyectoIntegrador] [restartedMain] o.s.b.w.embedded.tomcat.TomcatWebServer  : Tomcat started on port 8080 (http) with context path '/'
2025-12-11T23:36:50.662-05:00  INFO 11856 --- [ProyectoIntegrador] [restartedMain] c.e.P.ProyectoIntegradorApplication      : Started ProyectoIntegradorApplication in 5.605 seconds (process running for 6.075)
2025-12-11T23:36:53.590-05:00  INFO 11856 --- [ProyectoIntegrador] [http-nio-8080-exec-1] o.a.c.c.C.[Tomcat].[localhost].[/]       : Initializing Spring DispatcherServlet 'dispatcherServlet'
2025-12-11T23:36:53.590-05:00  INFO 11856 --- [ProyectoIntegrador] [http-nio-8080-exec-1] o.s.web.servlet.DispatcherServlet        : Initializing Servlet 'dispatcherServlet'
2025-12-11T23:36:53.593-05:00  INFO 11856 --- [ProyectoIntegrador] [http-nio-8080-exec-1] o.s.web.servlet.DispatcherServlet        : Completed initialization in 3 ms
2025-12-11T23:37:19.637-05:00  INFO 11856 --- [ProyectoIntegrador] [SpringApplicationShutdownHook] o.s.b.w.e.tomcat.GracefulShutdown        : Commencing graceful shutdown. Waiting for active requests to complete
2025-12-11T23:37:19.647-05:00  INFO 11856 --- [ProyectoIntegrador] [tomcat-shutdown] o.s.b.w.e.tomcat.GracefulShutdown        : Graceful shutdown complete
2025-12-11T23:37:19.652-05:00  INFO 11856 --- [ProyectoIntegrador] [SpringApplicationShutdownHook] j.LocalContainerEntityManagerFactoryBean : Closing JPA EntityManagerFactory for persistence unit 'default'
2025-12-11T23:37:19.655-05:00  INFO 11856 --- [ProyectoIntegrador] [SpringApplicationShutdownHook] com.zaxxer.hikari.HikariDataSource       : HikariPool-1 - Shutdown initiated...
2025-12-11T23:37:19.670-05:00  INFO 11856 --- [ProyectoIntegrador] [SpringApplicationShutdownHook] com.zaxxer.hikari.HikariDataSource       : HikariPool-1 - Shutdown completed.
2025-12-11T23:37:21.998-05:00  INFO 17072 --- [ProyectoIntegrador] [restartedMain] c.e.P.ProyectoIntegradorApplication      : Starting ProyectoIntegradorApplication using Java 21.0.9 with PID 17072 (C:\Users\LOQ\Downloads\Notaria-ProyectoIntegrador\Notaria-ProyectoIntegrador\target\classes started by LOQ in C:\Users\LOQ\Downloads\Notaria-ProyectoIntegrador\Notaria-ProyectoIntegrador)
2025-12-11T23:37:22.000-05:00 DEBUG 17072 --- [ProyectoIntegrador] [restartedMain] c.e.P.ProyectoIntegradorApplication      : Running with Spring Boot v3.4.0, Spring v6.2.0
2025-12-11T23:37:22.001-05:00  INFO 17072 --- [ProyectoIntegrador] [restartedMain] c.e.P.ProyectoIntegradorApplication      : No active profile set, falling back to 1 default profile: "default"
2025-12-11T23:37:22.067-05:00  INFO 17072 --- [ProyectoIntegrador] [restartedMain] .e.DevToolsPropertyDefaultsPostProcessor : Devtools property defaults active! Set 'spring.devtools.add-properties' to 'false' to disable
2025-12-11T23:37:22.067-05:00  INFO 17072 --- [ProyectoIntegrador] [restartedMain] .e.DevToolsPropertyDefaultsPostProcessor : For additional web related logging consider setting the 'logging.level.web' property to 'DEBUG'
2025-12-11T23:37:22.891-05:00  INFO 17072 --- [ProyectoIntegrador] [restartedMain] .s.d.r.c.RepositoryConfigurationDelegate : Bootstrapping Spring Data JPA repositories in DEFAULT mode.
2025-12-11T23:37:22.999-05:00  INFO 17072 --- [ProyectoIntegrador] [restartedMain] .s.d.r.c.RepositoryConfigurationDelegate : Finished Spring Data repository scanning in 100 ms. Found 15 JPA repository interfaces.
2025-12-11T23:37:23.776-05:00  INFO 17072 --- [ProyectoIntegrador] [restartedMain] o.s.b.w.embedded.tomcat.TomcatWebServer  : Tomcat initialized with port 8080 (http)
2025-12-11T23:37:23.790-05:00  INFO 17072 --- [ProyectoIntegrador] [restartedMain] o.apache.catalina.core.StandardService   : Starting service [Tomcat]
2025-12-11T23:37:23.790-05:00  INFO 17072 --- [ProyectoIntegrador] [restartedMain] o.apache.catalina.core.StandardEngine    : Starting Servlet engine: [Apache Tomcat/10.1.33]
2025-12-11T23:37:23.843-05:00  INFO 17072 --- [ProyectoIntegrador] [restartedMain] o.a.c.c.C.[Tomcat].[localhost].[/]       : Initializing Spring embedded WebApplicationContext
2025-12-11T23:37:23.844-05:00  INFO 17072 --- [ProyectoIntegrador] [restartedMain] w.s.c.ServletWebServerApplicationContext : Root WebApplicationContext: initialization completed in 1777 ms
2025-12-11T23:37:24.097-05:00  INFO 17072 --- [ProyectoIntegrador] [restartedMain] o.hibernate.jpa.internal.util.LogHelper  : HHH000204: Processing PersistenceUnitInfo [name: default]
2025-12-11T23:37:24.162-05:00  INFO 17072 --- [ProyectoIntegrador] [restartedMain] org.hibernate.Version                    : HHH000412: Hibernate ORM core version 6.6.2.Final
2025-12-11T23:37:24.193-05:00  INFO 17072 --- [ProyectoIntegrador] [restartedMain] o.h.c.internal.RegionFactoryInitiator    : HHH000026: Second-level cache disabled
2025-12-11T23:37:24.484-05:00  INFO 17072 --- [ProyectoIntegrador] [restartedMain] o.s.o.j.p.SpringPersistenceUnitInfo      : No LoadTimeWeaver setup: ignoring JPA class transformer
2025-12-11T23:37:24.515-05:00  INFO 17072 --- [ProyectoIntegrador] [restartedMain] com.zaxxer.hikari.HikariDataSource       : HikariPool-1 - Starting...
2025-12-11T23:37:24.666-05:00  INFO 17072 --- [ProyectoIntegrador] [restartedMain] com.zaxxer.hikari.pool.HikariPool        : HikariPool-1 - Added connection com.mysql.cj.jdbc.ConnectionImpl@6bf28d90
2025-12-11T23:37:24.668-05:00  INFO 17072 --- [ProyectoIntegrador] [restartedMain] com.zaxxer.hikari.HikariDataSource       : HikariPool-1 - Start completed.
2025-12-11T23:37:24.701-05:00  WARN 17072 --- [ProyectoIntegrador] [restartedMain] org.hibernate.orm.deprecation            : HHH90000025: MySQL8Dialect does not need to be specified explicitly using 'hibernate.dialect' (remove the property setting and it will be selected by default)
2025-12-11T23:37:24.702-05:00  WARN 17072 --- [ProyectoIntegrador] [restartedMain] org.hibernate.orm.deprecation            : HHH90000026: MySQL8Dialect has been deprecated; use org.hibernate.dialect.MySQLDialect instead
2025-12-11T23:37:24.728-05:00  INFO 17072 --- [ProyectoIntegrador] [restartedMain] org.hibernate.orm.connections.pooling    : HHH10001005: Database info:
	Database JDBC URL [Connecting through datasource 'HikariDataSource (HikariPool-1)']
	Database driver: undefined/unknown
	Database version: 8.0
	Autocommit mode: undefined/unknown
	Isolation level: undefined/unknown
	Minimum pool size: undefined/unknown
	Maximum pool size: undefined/unknown
2025-12-11T23:37:25.642-05:00  INFO 17072 --- [ProyectoIntegrador] [restartedMain] o.h.e.t.j.p.i.JtaPlatformInitiator       : HHH000489: No JTA platform available (set 'hibernate.transaction.jta.platform' to enable JTA platform integration)
2025-12-11T23:37:25.952-05:00  INFO 17072 --- [ProyectoIntegrador] [restartedMain] j.LocalContainerEntityManagerFactoryBean : Initialized JPA EntityManagerFactory for persistence unit 'default'
2025-12-11T23:37:26.537-05:00  WARN 17072 --- [ProyectoIntegrador] [restartedMain] JpaBaseConfiguration$JpaWebConfiguration : spring.jpa.open-in-view is enabled by default. Therefore, database queries may be performed during view rendering. Explicitly configure spring.jpa.open-in-view to disable this warning
2025-12-11T23:37:26.581-05:00  INFO 17072 --- [ProyectoIntegrador] [restartedMain] r$InitializeUserDetailsManagerConfigurer : Global AuthenticationManager configured with UserDetailsService bean with name userDetailsServiceImpl
2025-12-11T23:37:27.297-05:00  INFO 17072 --- [ProyectoIntegrador] [restartedMain] o.s.b.d.a.OptionalLiveReloadServer       : LiveReload server is running on port 35729
2025-12-11T23:37:27.331-05:00  INFO 17072 --- [ProyectoIntegrador] [restartedMain] o.s.b.w.embedded.tomcat.TomcatWebServer  : Tomcat started on port 8080 (http) with context path '/'
2025-12-11T23:37:27.341-05:00  INFO 17072 --- [ProyectoIntegrador] [restartedMain] c.e.P.ProyectoIntegradorApplication      : Started ProyectoIntegradorApplication in 5.875 seconds (process running for 6.457)
2025-12-11T23:37:29.929-05:00  INFO 17072 --- [ProyectoIntegrador] [http-nio-8080-exec-1] o.a.c.c.C.[Tomcat].[localhost].[/]       : Initializing Spring DispatcherServlet 'dispatcherServlet'
2025-12-11T23:37:29.930-05:00  INFO 17072 --- [ProyectoIntegrador] [http-nio-8080-exec-1] o.s.web.servlet.DispatcherServlet        : Initializing Servlet 'dispatcherServlet'
2025-12-11T23:37:29.933-05:00  INFO 17072 --- [ProyectoIntegrador] [http-nio-8080-exec-1] o.s.web.servlet.DispatcherServlet        : Completed initialization in 3 ms
